{"logTime": "0308/192804", "correlationVector":"lU72//01W0tYYiMhVh3esq","action":"SyncServerConnectionManagerRequest", "result":"SYNC_SERVER_OK", "context":{"environment":"", "migrationStage":"", "server":""}}
{"logTime": "0308/192805", "correlationVector":"LIdZkfHmIKM0dBndTcCXey.1","action":"SyncServerConnectionManagerRequest", "result":"SYNC_SERVER_OK", "context":{"environment":"Prod_WestEurope_x00e", "migrationStage":"NotStarted", "server":"GENERAL0100000K"}}
{"logTime": "0308/192805", "correlationVector":"LIdZkfHmIKM0dBndTcCXey","action":"Initial GetUpdates", "result":"", "context":Reason: NEW_CLIENT. cV=LIdZkfHmIKM0dBndTcCXey}
{"logTime": "0308/192805", "correlationVector":"LIdZkfHmIKM0dBndTcCXey.2","action":"GetUpdates Response", "result":"SYNCER_OK", "context":Received 1 update(s). cV=LIdZkfHmIKM0dBndTcCXey.0;server=GENERAL0100000K;cloudType=Consumer;environment=Prod_WestEurope_x00e;migrationStage=NotStarted}
{"logTime": "0308/192816", "correlationVector":"JJm6ELH9x/6aw+u9w3NIAv","action":"Initial GetUpdates", "result":"", "context":Reason: NEW_CLIENT. cV=JJm6ELH9x/6aw+u9w3NIAv}
{"logTime": "0308/192816", "correlationVector":"JJm6ELH9x/6aw+u9w3NIAv.1","action":"SyncServerConnectionManagerRequest", "result":"SYNC_SERVER_OK", "context":{"environment":"Prod_WestEurope_x00e", "migrationStage":"NotStarted", "server":"GENERAL01000023"}}
{"logTime": "0308/192816", "correlationVector":"JJm6ELH9x/6aw+u9w3NIAv.2","action":"GetUpdates Response", "result":"SYNCER_OK", "context":Received 140 update(s). cV=JJm6ELH9x/6aw+u9w3NIAv.0;server=GENERAL01000023;cloudType=Consumer;environment=Prod_WestEurope_x00e;migrationStage=NotStarted}
{"logTime": "0308/192816", "correlationVector":"OcwHbMu89czIKeQYIqpthy","action":"Initial GetUpdates", "result":"", "context":Reason: NEW_CLIENT. cV=OcwHbMu89czIKeQYIqpthy}
{"logTime": "0308/192816", "correlationVector":"OcwHbMu89czIKeQYIqpthy.1","action":"SyncServerConnectionManagerRequest", "result":"SYNC_SERVER_OK", "context":{"environment":"Prod_WestEurope_x00e", "migrationStage":"NotStarted", "server":"GENERAL0100000P"}}
{"logTime": "0308/192816", "correlationVector":"OcwHbMu89czIKeQYIqpthy.2","action":"GetUpdates Response", "result":"SYNCER_OK", "context":Received 9 update(s). cV=OcwHbMu89czIKeQYIqpthy.0;server=GENERAL0100000P;cloudType=Consumer;environment=Prod_WestEurope_x00e;migrationStage=NotStarted}
{"logTime": "0308/192816", "correlationVector":"go6nnfEm/HZankmc3nVHWz","action":"Initial GetUpdates", "result":"", "context":Reason: NEW_CLIENT. cV=go6nnfEm/HZankmc3nVHWz}
{"logTime": "0308/192817", "correlationVector":"go6nnfEm/HZankmc3nVHWz.1","action":"SyncServerConnectionManagerRequest", "result":"SYNC_SERVER_OK", "context":{"environment":"Prod_WestEurope_x00e", "migrationStage":"NotStarted", "server":"GENERAL0200001M"}}
{"logTime": "0308/192817", "correlationVector":"go6nnfEm/HZankmc3nVHWz.2","action":"GetUpdates Response", "result":"SYNCER_OK", "context":Received 59 update(s). cV=go6nnfEm/HZankmc3nVHWz.0;server=GENERAL0200001M;cloudType=Consumer;environment=Prod_WestEurope_x00e;migrationStage=NotStarted}
{"logTime": "0308/192817", "correlationVector":"NxIKFJpAwUGDZBJJ5shn9A","action":"Normal GetUpdate request", "result":"", "context":cV=NxIKFJpAwUGDZBJJ5shn9A
Nudged types: Bookmarks, Device Info, User Consents
Refresh requested types: Bookmarks, Preferences, Passwords, Autofill Profiles, Autofill, Extensions, Extension settings, Device Info, User Consents, Send Tab To Self, Web Apps, Collection, Edge E Drop, Edge Hub App Usage, Edge Wallet, Encryption Keys}
{"logTime": "0308/192817", "correlationVector":"NxIKFJpAwUGDZBJJ5shn9A.1","action":"SyncServerConnectionManagerRequest", "result":"SYNC_SERVER_OK", "context":{"environment":"Prod_WestEurope_x00e", "migrationStage":"NotStarted", "server":"GENERAL0100000K"}}
{"logTime": "0308/192817", "correlationVector":"NxIKFJpAwUGDZBJJ5shn9A.2","action":"GetUpdates Response", "result":"SYNCER_OK", "context":Received 0 update(s). cV=NxIKFJpAwUGDZBJJ5shn9A.0;server=GENERAL0100000K;cloudType=Consumer;environment=Prod_WestEurope_x00e;migrationStage=NotStarted}
{"logTime": "0308/192817", "correlationVector":"+AHS7qvu65OT6DoBAoSdJo","action":"Commit Request", "result":"", "context":Item count: 5
Contributing types: Bookmarks, Device Info, User Consents}
{"logTime": "0308/192818", "correlationVector":"+AHS7qvu65OT6DoBAoSdJo.1","action":"SyncServerConnectionManagerRequest", "result":"SYNC_SERVER_OK", "context":{"environment":"Prod_WestEurope_x00e", "migrationStage":"NotStarted", "server":"GENERAL01000015"}}
{"logTime": "0308/192818", "correlationVector":"+AHS7qvu65OT6DoBAoSdJo.2","action":"Commit Response", "result":"SYNCER_OK", "context":Result: SYNCER_OK. cV=+AHS7qvu65OT6DoBAoSdJo.0;server=GENERAL01000015;cloudType=Consumer;environment=Prod_WestEurope_x00e;migrationStage=NotStarted}
{"logTime": "0308/192818", "correlationVector":"iseDJtYLOuunr4oM+9fqOH","action":"Normal GetUpdate request", "result":"", "context":cV=iseDJtYLOuunr4oM+9fqOH
Nudged types: Device Info}
{"logTime": "0308/192818", "correlationVector":"iseDJtYLOuunr4oM+9fqOH.1","action":"SyncServerConnectionManagerRequest", "result":"SYNC_SERVER_OK", "context":{"environment":"Prod_WestEurope_x00e", "migrationStage":"NotStarted", "server":"GENERAL0200000O"}}
{"logTime": "0308/192818", "correlationVector":"iseDJtYLOuunr4oM+9fqOH.2","action":"GetUpdates Response", "result":"SYNCER_OK", "context":Received 4 update(s). cV=iseDJtYLOuunr4oM+9fqOH.0;server=GENERAL0200000O;cloudType=Consumer;environment=Prod_WestEurope_x00e;migrationStage=NotStarted}
{"logTime": "0308/192839", "correlationVector":"BmMnf2WNTIxfGEXoai+lng","action":"Commit Request", "result":"", "context":Item count: 25
Contributing types: Passwords}
{"logTime": "0308/192841", "correlationVector":"BmMnf2WNTIxfGEXoai+lng.1","action":"SyncServerConnectionManagerRequest", "result":"SYNC_SERVER_OK", "context":{"environment":"Prod_WestEurope_x00e", "migrationStage":"NotStarted", "server":"GENERAL0100000J"}}
{"logTime": "0308/192841", "correlationVector":"BmMnf2WNTIxfGEXoai+lng.2","action":"Commit Response", "result":"SYNCER_OK", "context":Result: SYNCER_OK. cV=BmMnf2WNTIxfGEXoai+lng.0;server=GENERAL0100000J;cloudType=Consumer;environment=Prod_WestEurope_x00e;migrationStage=NotStarted}
{"logTime": "0308/192841", "correlationVector":"zh4VZrq1srWO8dR25O7/P5","action":"Commit Request", "result":"", "context":Item count: 25
Contributing types: Passwords}
{"logTime": "0308/192842", "correlationVector":"zh4VZrq1srWO8dR25O7/P5.1","action":"SyncServerConnectionManagerRequest", "result":"SYNC_SERVER_OK", "context":{"environment":"Prod_WestEurope_x00e", "migrationStage":"NotStarted", "server":"GENERAL01000025"}}
{"logTime": "0308/192843", "correlationVector":"zh4VZrq1srWO8dR25O7/P5.2","action":"Commit Response", "result":"SYNCER_OK", "context":Result: SYNCER_OK. cV=zh4VZrq1srWO8dR25O7/P5.0;server=GENERAL01000025;cloudType=Consumer;environment=Prod_WestEurope_x00e;migrationStage=NotStarted}
{"logTime": "0308/192843", "correlationVector":"QD9YWvTOBMfvJmcGgEFbOJ","action":"Commit Request", "result":"", "context":Item count: 11
Contributing types: Preferences, Passwords}
{"logTime": "0308/192843", "correlationVector":"QD9YWvTOBMfvJmcGgEFbOJ.1","action":"SyncServerConnectionManagerRequest", "result":"SYNC_SERVER_OK", "context":{"environment":"Prod_WestEurope_x00e", "migrationStage":"NotStarted", "server":"GENERAL0100001E"}}
{"logTime": "0308/192843", "correlationVector":"QD9YWvTOBMfvJmcGgEFbOJ.2","action":"Commit Response", "result":"SYNCER_OK", "context":Result: SYNCER_OK. cV=QD9YWvTOBMfvJmcGgEFbOJ.0;server=GENERAL0100001E;cloudType=Consumer;environment=Prod_WestEurope_x00e;migrationStage=NotStarted}
{"logTime": "0308/193304", "correlationVector":"TXm/tnHTXFh42miSKE0kUK","action":"Normal GetUpdate request", "result":"", "context":cV=TXm/tnHTXFh42miSKE0kUK
Refresh requested types: Bookmarks, Preferences, Passwords, Autofill Profiles, Autofill, Extensions, Extension settings, Device Info, User Consents, Send Tab To Self, Web Apps, Collection, Edge E Drop, Edge Hub App Usage, Edge Wallet, Encryption Keys}
{"logTime": "0308/193305", "correlationVector":"TXm/tnHTXFh42miSKE0kUK.1","action":"SyncServerConnectionManagerRequest", "result":"SYNC_SERVER_OK", "context":{"environment":"Prod_WestEurope_000l", "migrationStage":"NotStarted", "server":"GENERAL03000026"}}
{"logTime": "0308/193305", "correlationVector":"TXm/tnHTXFh42miSKE0kUK.2","action":"GetUpdates Response", "result":"SYNCER_OK", "context":Received 61 update(s). cV=TXm/tnHTXFh42miSKE0kUK.0;server=GENERAL03000026;cloudType=Consumer;environment=Prod_WestEurope_000l;migrationStage=NotStarted}
{"logTime": "0308/193305", "correlationVector":"aSRyo/4Zna7/kbf6mvd58W","action":"Commit Request", "result":"", "context":Item count: 1
Contributing types: Preferences}
{"logTime": "0308/193305", "correlationVector":"aSRyo/4Zna7/kbf6mvd58W.1","action":"SyncServerConnectionManagerRequest", "result":"SYNC_SERVER_OK", "context":{"environment":"Prod_WestEurope_000l", "migrationStage":"NotStarted", "server":"GENERAL0100000E"}}
{"logTime": "0308/193305", "correlationVector":"aSRyo/4Zna7/kbf6mvd58W.2","action":"Commit Response", "result":"SYNCER_OK", "context":Result: SYNCER_OK. cV=aSRyo/4Zna7/kbf6mvd58W.0;server=GENERAL0100000E;cloudType=Consumer;environment=Prod_WestEurope_000l;migrationStage=NotStarted}
{"logTime": "0308/194344", "correlationVector":"D214uGkm8jO2eBq/XQEvPN","action":"Commit Request", "result":"", "context":Item count: 2
Contributing types: Preferences}
{"logTime": "0308/194346", "correlationVector":"D214uGkm8jO2eBq/XQEvPN.1","action":"SyncServerConnectionManagerRequest", "result":"SYNC_SERVER_OK", "context":{"environment":"Prod_WestEurope_000l", "migrationStage":"NotStarted", "server":"GENERAL0100000Q"}}
{"logTime": "0308/194346", "correlationVector":"D214uGkm8jO2eBq/XQEvPN.2","action":"Commit Response", "result":"SYNCER_OK", "context":Result: SYNCER_OK. cV=D214uGkm8jO2eBq/XQEvPN.0;server=GENERAL0100000Q;cloudType=Consumer;environment=Prod_WestEurope_000l;migrationStage=NotStarted}
{"logTime": "0308/195534", "correlationVector":"an4tz/OBPjlwOQr5MynTtQ.1","action":"SyncServerConnectionManagerRequest", "result":"SYNC_SERVER_OK", "context":{"environment":"Prod_WestEurope_x00e", "migrationStage":"NotStarted", "server":"general0100001T"}}
{"logTime": "0308/195534", "correlationVector":"an4tz/OBPjlwOQr5MynTtQ","action":"Initial GetUpdates", "result":"", "context":Reason: NEW_CLIENT. cV=an4tz/OBPjlwOQr5MynTtQ}
{"logTime": "0308/195534", "correlationVector":"an4tz/OBPjlwOQr5MynTtQ.2","action":"GetUpdates Response", "result":"SYNCER_OK", "context":Received 1 update(s). cV=an4tz/OBPjlwOQr5MynTtQ.0;server=general0100001T;cloudType=Consumer;environment=Prod_WestEurope_x00e;migrationStage=NotStarted}
{"logTime": "0308/195534", "correlationVector":"RNm/ODgnNnk9TlLJ1d1tp7","action":"Initial GetUpdates", "result":"", "context":Reason: NEWLY_SUPPORTED_DATATYPE. cV=RNm/ODgnNnk9TlLJ1d1tp7}
{"logTime": "0308/195534", "correlationVector":"RNm/ODgnNnk9TlLJ1d1tp7.1","action":"SyncServerConnectionManagerRequest", "result":"SYNC_SERVER_OK", "context":{"environment":"Prod_WestEurope_x00e", "migrationStage":"NotStarted", "server":"GENERAL0100000F"}}
{"logTime": "0308/195534", "correlationVector":"RNm/ODgnNnk9TlLJ1d1tp7.2","action":"GetUpdates", "result":"DeleteReceived", "context":{"id":"cfe35d2b-e01f-4714-a17e-1fcfe3f9e556", "isDeleted:":"true", "version":"1692608805009"}}
{"logTime": "0308/195535", "correlationVector":"RNm/ODgnNnk9TlLJ1d1tp7.3","action":"GetUpdates Response", "result":"SYNCER_OK", "context":Received 81 update(s). cV=RNm/ODgnNnk9TlLJ1d1tp7.0;server=GENERAL0100000F;cloudType=Consumer;environment=Prod_WestEurope_x00e;migrationStage=NotStarted}
{"logTime": "0308/195535", "correlationVector":"NPlC6QYQMpyiikA+n0WD+2","action":"Normal GetUpdate request", "result":"", "context":cV=NPlC6QYQMpyiikA+n0WD+2
Refresh requested types: Bookmarks, Preferences, Passwords, Autofill Profiles, Autofill, Extensions, Extension settings, Device Info, User Consents, Send Tab To Self, Web Apps, Collection, Edge E Drop, Edge Hub App Usage, Edge Wallet, Encryption Keys}
{"logTime": "0308/195535", "correlationVector":"NPlC6QYQMpyiikA+n0WD+2.1","action":"SyncServerConnectionManagerRequest", "result":"SYNC_SERVER_OK", "context":{"environment":"Prod_WestEurope_x00e", "migrationStage":"NotStarted", "server":"GENERAL0100000B"}}
{"logTime": "0308/195535", "correlationVector":"NPlC6QYQMpyiikA+n0WD+2.2","action":"GetUpdates Response", "result":"SYNCER_OK", "context":Received 3 update(s). cV=NPlC6QYQMpyiikA+n0WD+2.0;server=GENERAL0100000B;cloudType=Consumer;environment=Prod_WestEurope_x00e;migrationStage=NotStarted}
{"logTime": "0308/195535", "correlationVector":"dSkiyepz1qckrN2X+GoyZS","action":"SyncServerConnectionManagerRequest", "result":"SYNC_SERVER_OK", "context":{"environment":"", "migrationStage":"", "server":""}}
{"logTime": "0308/195535", "correlationVector":"jKk3KOiWKoftnuUTd3PO4D","action":"Initial GetUpdates", "result":"", "context":Reason: RECONFIGURATION. cV=jKk3KOiWKoftnuUTd3PO4D}
{"logTime": "0308/195536", "correlationVector":"jKk3KOiWKoftnuUTd3PO4D.1","action":"SyncServerConnectionManagerRequest", "result":"SYNC_SERVER_OK", "context":{"environment":"Prod_WestEurope_x00e", "migrationStage":"NotStarted", "server":"GENERAL0100000I"}}
{"logTime": "0308/195536", "correlationVector":"jKk3KOiWKoftnuUTd3PO4D.2","action":"GetUpdates", "result":"DeleteReceived", "context":{"id":"ff931abc-4e0b-42bd-9dec-8db1ec3dabca", "isDeleted:":"true", "version":"1707922513515"}}
{"logTime": "0308/195536", "correlationVector":"jKk3KOiWKoftnuUTd3PO4D.3","action":"GetUpdates", "result":"DeleteReceived", "context":{"id":"a8e3f0aa-8698-4d72-9863-827b38f27f08", "isDeleted:":"true", "version":"1702307134217"}}
{"logTime": "0308/195536", "correlationVector":"jKk3KOiWKoftnuUTd3PO4D.4","action":"GetUpdates", "result":"DeleteReceived", "context":{"id":"20de2960-b614-499f-a17c-b629b53420a2", "isDeleted:":"true", "version":"1702307134218"}}
{"logTime": "0308/195536", "correlationVector":"jKk3KOiWKoftnuUTd3PO4D.5","action":"GetUpdates", "result":"DeleteReceived", "context":{"id":"b2c0aafb-c7ea-4a20-a096-1e16ba547427", "isDeleted:":"true", "version":"1702307134219"}}
{"logTime": "0308/195536", "correlationVector":"jKk3KOiWKoftnuUTd3PO4D.6","action":"GetUpdates", "result":"DeleteReceived", "context":{"id":"bbdf6575-992b-401e-aee2-ef8b8695f180", "isDeleted:":"true", "version":"1702307134220"}}
{"logTime": "0308/195536", "correlationVector":"jKk3KOiWKoftnuUTd3PO4D.7","action":"GetUpdates", "result":"DeleteReceived", "context":{"id":"27ea3c3d-1348-47db-bacd-33da7a8e671b", "isDeleted:":"true", "version":"1702307134221"}}
{"logTime": "0308/195536", "correlationVector":"jKk3KOiWKoftnuUTd3PO4D.8","action":"GetUpdates", "result":"DeleteReceived", "context":{"id":"f1c4e40d-8217-4ea0-b76b-101c981be05f", "isDeleted:":"true", "version":"1702307134222"}}
{"logTime": "0308/195536", "correlationVector":"jKk3KOiWKoftnuUTd3PO4D.9","action":"GetUpdates", "result":"DeleteReceived", "context":{"id":"850fa222-b1d7-45c8-886e-a2f69a0a938f", "isDeleted:":"true", "version":"1702307134223"}}
{"logTime": "0308/195536", "correlationVector":"jKk3KOiWKoftnuUTd3PO4D.10","action":"GetUpdates", "result":"DeleteReceived", "context":{"id":"516b723c-f374-4858-a78a-f9476efac488", "isDeleted:":"true", "version":"1702307134224"}}
{"logTime": "0308/195536", "correlationVector":"jKk3KOiWKoftnuUTd3PO4D.11","action":"GetUpdates", "result":"DeleteReceived", "context":{"id":"b6f1c165-b869-4a20-81b7-fa02f9f63a61", "isDeleted:":"true", "version":"1702307134225"}}
{"logTime": "0308/195536", "correlationVector":"jKk3KOiWKoftnuUTd3PO4D.12","action":"GetUpdates", "result":"DeleteReceived", "context":{"id":"59cfa9d6-b5b1-4e8c-a86e-96656577b5db", "isDeleted:":"true", "version":"1702307134227"}}
{"logTime": "0308/195536", "correlationVector":"jKk3KOiWKoftnuUTd3PO4D.13","action":"GetUpdates", "result":"DeleteReceived", "context":{"id":"38adb425-6fce-4b25-bd66-e21dcb6b95a8", "isDeleted:":"true", "version":"1702307134228"}}
{"logTime": "0308/195536", "correlationVector":"jKk3KOiWKoftnuUTd3PO4D.14","action":"GetUpdates", "result":"DeleteReceived", "context":{"id":"5a9c30db-aabf-498f-97b0-64f905cfa11a", "isDeleted:":"true", "version":"1702315063575"}}
{"logTime": "0308/195536", "correlationVector":"jKk3KOiWKoftnuUTd3PO4D.15","action":"GetUpdates", "result":"DeleteReceived", "context":{"id":"103815f5-0aaf-49b9-baea-aecb6e713da7", "isDeleted:":"true", "version":"1707923585835"}}
{"logTime": "0308/195536", "correlationVector":"jKk3KOiWKoftnuUTd3PO4D.16","action":"GetUpdates", "result":"DeleteReceived", "context":{"id":"4f52ed87-b28e-4508-b183-64bf7ab58c69", "isDeleted:":"true", "version":"1707923801888"}}
{"logTime": "0308/195536", "correlationVector":"jKk3KOiWKoftnuUTd3PO4D.17","action":"GetUpdates", "result":"DeleteReceived", "context":{"id":"a32ed86d-de11-478a-ae37-9af02ac42617", "isDeleted:":"true", "version":"1707925887747"}}
{"logTime": "0308/195536", "correlationVector":"jKk3KOiWKoftnuUTd3PO4D.18","action":"GetUpdates", "result":"DeleteReceived", "context":{"id":"515ded9c-5261-4e4e-9ec2-f6c193964189", "isDeleted:":"true", "version":"1708098884365"}}
{"logTime": "0308/195536", "correlationVector":"jKk3KOiWKoftnuUTd3PO4D.19","action":"GetUpdates", "result":"DeleteReceived", "context":{"id":"ef530450-c1b4-4798-9951-73011c76e1dd", "isDeleted:":"true", "version":"1708098884367"}}
{"logTime": "0308/195536", "correlationVector":"jKk3KOiWKoftnuUTd3PO4D.20","action":"GetUpdates", "result":"DeleteReceived", "context":{"id":"f46ca852-2207-4771-a496-e6ff5a460202", "isDeleted:":"true", "version":"1708480614726"}}
{"logTime": "0308/195536", "correlationVector":"jKk3KOiWKoftnuUTd3PO4D.21","action":"GetUpdates", "result":"DeleteReceived", "context":{"id":"5ffdfea6-3012-490c-8af5-8a978d161236", "isDeleted:":"true", "version":"1708480614727"}}
{"logTime": "0308/195536", "correlationVector":"jKk3KOiWKoftnuUTd3PO4D.22","action":"GetUpdates Response", "result":"SYNCER_OK", "context":Received 24 update(s). cV=jKk3KOiWKoftnuUTd3PO4D.0;server=GENERAL0100000I;cloudType=Consumer;environment=Prod_WestEurope_x00e;migrationStage=NotStarted}
{"logTime": "0308/195536", "correlationVector":"oEAFei7AGd02B6kI+mjIc0","action":"Normal GetUpdate request", "result":"", "context":cV=oEAFei7AGd02B6kI+mjIc0
Nudged types: Passwords, Sessions, Device Info
Refresh requested types: Bookmarks, Preferences, Passwords, Autofill Profiles, Autofill, Typed URLs, Extensions, Sessions, Extension settings, History Delete Directives, Device Info, User Consents, Send Tab To Self, Web Apps, Collection, Edge E Drop, Edge Hub App Usage, Edge Wallet, Encryption Keys}
{"logTime": "0308/195537", "correlationVector":"oEAFei7AGd02B6kI+mjIc0.1","action":"SyncServerConnectionManagerRequest", "result":"SYNC_SERVER_OK", "context":{"environment":"Prod_WestEurope_x00e", "migrationStage":"NotStarted", "server":"GENERAL0100001L"}}
{"logTime": "0308/195537", "correlationVector":"oEAFei7AGd02B6kI+mjIc0.2","action":"GetUpdates Response", "result":"SYNCER_OK", "context":Received 0 update(s). cV=oEAFei7AGd02B6kI+mjIc0.0;server=GENERAL0100001L;cloudType=Consumer;environment=Prod_WestEurope_x00e;migrationStage=NotStarted}
{"logTime": "0308/195537", "correlationVector":"4lYf1WcwhvCWG41oybD9mu","action":"Commit Request", "result":"", "context":Item count: 20
Contributing types: Passwords, Sessions, Device Info}
{"logTime": "0308/195539", "correlationVector":"4lYf1WcwhvCWG41oybD9mu.1","action":"SyncServerConnectionManagerRequest", "result":"SYNC_SERVER_OK", "context":{"environment":"Prod_WestEurope_x00e", "migrationStage":"NotStarted", "server":"GENERAL01000024"}}
{"logTime": "0308/195539", "correlationVector":"4lYf1WcwhvCWG41oybD9mu.2","action":"Commit Response", "result":"SYNCER_OK", "context":Result: SYNCER_OK. cV=4lYf1WcwhvCWG41oybD9mu.0;server=GENERAL01000024;cloudType=Consumer;environment=Prod_WestEurope_x00e;migrationStage=NotStarted}
{"logTime": "0308/195852", "correlationVector":"4NiWykR1HBnpl87KifRDPg","action":"Commit Request", "result":"", "context":Item count: 1
Contributing types: Sessions}
{"logTime": "0308/195852", "correlationVector":"4NiWykR1HBnpl87KifRDPg.1","action":"SyncServerConnectionManagerRequest", "result":"SYNC_SERVER_OK", "context":{"environment":"Prod_WestEurope_000l", "migrationStage":"NotStarted", "server":"GENERAL0100000Q"}}
{"logTime": "0308/195852", "correlationVector":"4NiWykR1HBnpl87KifRDPg.2","action":"Commit Response", "result":"SYNCER_OK", "context":Result: SYNCER_OK. cV=4NiWykR1HBnpl87KifRDPg.0;server=GENERAL0100000Q;cloudType=Consumer;environment=Prod_WestEurope_000l;migrationStage=NotStarted}
{"logTime": "0308/200029", "correlationVector":"0h+ixiByf6do1I263ghELq","action":"Normal GetUpdate request", "result":"", "context":cV=0h+ixiByf6do1I263ghELq
Nudged types: Sessions
Refresh requested types: Bookmarks, Preferences, Passwords, Autofill Profiles, Autofill, Typed URLs, Extensions, Sessions, Extension settings, History Delete Directives, Device Info, User Consents, Send Tab To Self, Web Apps, Collection, Edge E Drop, Edge Hub App Usage, Edge Wallet, Encryption Keys}
{"logTime": "0308/200030", "correlationVector":"0h+ixiByf6do1I263ghELq.1","action":"SyncServerConnectionManagerRequest", "result":"SYNC_SERVER_OK", "context":{"environment":"Prod_WestEurope_000l", "migrationStage":"NotStarted", "server":"GENERAL0300003Q"}}
{"logTime": "0308/200030", "correlationVector":"0h+ixiByf6do1I263ghELq.2","action":"GetUpdates Response", "result":"SYNCER_OK", "context":Received 20 update(s). cV=0h+ixiByf6do1I263ghELq.0;server=GENERAL0300003Q;cloudType=Consumer;environment=Prod_WestEurope_000l;migrationStage=NotStarted}
{"logTime": "0308/200030", "correlationVector":"oYXGqxE9ALyRr2nmve8LP6","action":"Commit Request", "result":"", "context":Item count: 1
Contributing types: Sessions}
{"logTime": "0308/200030", "correlationVector":"oYXGqxE9ALyRr2nmve8LP6.1","action":"SyncServerConnectionManagerRequest", "result":"SYNC_SERVER_OK", "context":{"environment":"Prod_WestEurope_000l", "migrationStage":"NotStarted", "server":"general0300003H"}}
{"logTime": "0308/200030", "correlationVector":"oYXGqxE9ALyRr2nmve8LP6.2","action":"Commit Response", "result":"SYNCER_OK", "context":Result: SYNCER_OK. cV=oYXGqxE9ALyRr2nmve8LP6.0;server=general0300003H;cloudType=Consumer;environment=Prod_WestEurope_000l;migrationStage=NotStarted}
{"logTime": "0308/200141", "correlationVector":"IVxAoLqF80UwX5HAZN96Sw","action":"Commit Request", "result":"", "context":Item count: 1
Contributing types: Sessions}
{"logTime": "0308/200141", "correlationVector":"IVxAoLqF80UwX5HAZN96Sw.1","action":"SyncServerConnectionManagerRequest", "result":"SYNC_SERVER_OK", "context":{"environment":"Prod_WestEurope_x00e", "migrationStage":"NotStarted", "server":"GENERAL0200000O"}}
{"logTime": "0308/200141", "correlationVector":"IVxAoLqF80UwX5HAZN96Sw.2","action":"Commit Response", "result":"SYNCER_OK", "context":Result: SYNCER_OK. cV=IVxAoLqF80UwX5HAZN96Sw.0;server=GENERAL0200000O;cloudType=Consumer;environment=Prod_WestEurope_x00e;migrationStage=NotStarted}
{"logTime": "0308/200714", "correlationVector":"ViF2oIxKXuBx88rMBhEQQI","action":"Commit Request", "result":"", "context":Item count: 1
Contributing types: Sessions}
{"logTime": "0308/200715", "correlationVector":"ViF2oIxKXuBx88rMBhEQQI.1","action":"SyncServerConnectionManagerRequest", "result":"SYNC_SERVER_OK", "context":{"environment":"Prod_WestEurope_x00e", "migrationStage":"NotStarted", "server":"GENERAL02000034"}}
{"logTime": "0308/200715", "correlationVector":"ViF2oIxKXuBx88rMBhEQQI.2","action":"Commit Response", "result":"SYNCER_OK", "context":Result: SYNCER_OK. cV=ViF2oIxKXuBx88rMBhEQQI.0;server=GENERAL02000034;cloudType=Consumer;environment=Prod_WestEurope_x00e;migrationStage=NotStarted}
{"logTime": "0308/200904", "correlationVector":"yc5HlQNv/zy97BCdZlpYfK","action":"Commit Request", "result":"", "context":Item count: 1
Contributing types: Sessions}
{"logTime": "0308/200905", "correlationVector":"yc5HlQNv/zy97BCdZlpYfK.1","action":"SyncServerConnectionManagerRequest", "result":"SYNC_SERVER_OK", "context":{"environment":"Prod_WestEurope_000l", "migrationStage":"NotStarted", "server":"GENERAL0300002B"}}
{"logTime": "0308/200905", "correlationVector":"yc5HlQNv/zy97BCdZlpYfK.2","action":"Commit Response", "result":"SYNCER_OK", "context":Result: SYNCER_OK. cV=yc5HlQNv/zy97BCdZlpYfK.0;server=GENERAL0300002B;cloudType=Consumer;environment=Prod_WestEurope_000l;migrationStage=NotStarted}
{"logTime": "0308/201001", "correlationVector":"YsOlHIJhuBmQjG/fL5/xMV","action":"Commit Request", "result":"", "context":Item count: 1
Contributing types: Sessions}
{"logTime": "0308/201002", "correlationVector":"YsOlHIJhuBmQjG/fL5/xMV.1","action":"SyncServerConnectionManagerRequest", "result":"SYNC_SERVER_OK", "context":{"environment":"Prod_WestEurope_x00e", "migrationStage":"NotStarted", "server":"GENERAL01000029"}}
{"logTime": "0308/201002", "correlationVector":"YsOlHIJhuBmQjG/fL5/xMV.2","action":"Commit Response", "result":"SYNCER_OK", "context":Result: SYNCER_OK. cV=YsOlHIJhuBmQjG/fL5/xMV.0;server=GENERAL01000029;cloudType=Consumer;environment=Prod_WestEurope_x00e;migrationStage=NotStarted}
{"logTime": "0308/201154", "correlationVector":"FAuJJ37QyOcnu6sr6cmHaO","action":"Commit Request", "result":"", "context":Item count: 1
Contributing types: Sessions}
{"logTime": "0308/201154", "correlationVector":"FAuJJ37QyOcnu6sr6cmHaO.1","action":"SyncServerConnectionManagerRequest", "result":"SYNC_SERVER_OK", "context":{"environment":"Prod_WestEurope_x00e", "migrationStage":"NotStarted", "server":"GENERAL01000024"}}
{"logTime": "0308/201154", "correlationVector":"FAuJJ37QyOcnu6sr6cmHaO.2","action":"Commit Response", "result":"SYNCER_OK", "context":Result: SYNCER_OK. cV=FAuJJ37QyOcnu6sr6cmHaO.0;server=GENERAL01000024;cloudType=Consumer;environment=Prod_WestEurope_x00e;migrationStage=NotStarted}
{"logTime": "0308/201226", "correlationVector":"M8w2jn/ZfZn800HvxW63lH","action":"Commit Request", "result":"", "context":Item count: 1
Contributing types: Sessions}
{"logTime": "0308/201226", "correlationVector":"M8w2jn/ZfZn800HvxW63lH.1","action":"SyncServerConnectionManagerRequest", "result":"SYNC_SERVER_OK", "context":{"environment":"Prod_WestEurope_x00e", "migrationStage":"NotStarted", "server":"GENERAL01000029"}}
{"logTime": "0308/201226", "correlationVector":"M8w2jn/ZfZn800HvxW63lH.2","action":"Commit Response", "result":"SYNCER_OK", "context":Result: SYNCER_OK. cV=M8w2jn/ZfZn800HvxW63lH.0;server=GENERAL01000029;cloudType=Consumer;environment=Prod_WestEurope_x00e;migrationStage=NotStarted}
{"logTime": "0308/201317", "correlationVector":"t17tLzwpUio3lsXAXMQ9Jl","action":"Commit Request", "result":"", "context":Item count: 1
Contributing types: Sessions}
{"logTime": "0308/201317", "correlationVector":"t17tLzwpUio3lsXAXMQ9Jl.1","action":"SyncServerConnectionManagerRequest", "result":"SYNC_SERVER_OK", "context":{"environment":"Prod_WestEurope_x00e", "migrationStage":"NotStarted", "server":"GENERAL0100000T"}}
{"logTime": "0308/201317", "correlationVector":"t17tLzwpUio3lsXAXMQ9Jl.2","action":"Commit Response", "result":"SYNCER_OK", "context":Result: SYNCER_OK. cV=t17tLzwpUio3lsXAXMQ9Jl.0;server=GENERAL0100000T;cloudType=Consumer;environment=Prod_WestEurope_x00e;migrationStage=NotStarted}
{"logTime": "0308/201734", "correlationVector":"TU8uPReL9PSTxgNyIeiO6c","action":"Commit Request", "result":"", "context":Item count: 1
Contributing types: Sessions}
{"logTime": "0308/201735", "correlationVector":"TU8uPReL9PSTxgNyIeiO6c.1","action":"SyncServerConnectionManagerRequest", "result":"SYNC_SERVER_OK", "context":{"environment":"Prod_WestEurope_x00e", "migrationStage":"NotStarted", "server":"GENERAL01000015"}}
{"logTime": "0308/201735", "correlationVector":"TU8uPReL9PSTxgNyIeiO6c.2","action":"Commit Response", "result":"SYNCER_OK", "context":Result: SYNCER_OK. cV=TU8uPReL9PSTxgNyIeiO6c.0;server=GENERAL01000015;cloudType=Consumer;environment=Prod_WestEurope_x00e;migrationStage=NotStarted}
{"logTime": "0308/201901", "correlationVector":"wlHscogyBPA7iD10DrEeuf","action":"Commit Request", "result":"", "context":Item count: 1
Contributing types: Sessions}
{"logTime": "0308/201901", "correlationVector":"wlHscogyBPA7iD10DrEeuf.1","action":"SyncServerConnectionManagerRequest", "result":"SYNC_SERVER_OK", "context":{"environment":"Prod_WestEurope_x00e", "migrationStage":"NotStarted", "server":"GENERAL0100001L"}}
{"logTime": "0308/201901", "correlationVector":"wlHscogyBPA7iD10DrEeuf.2","action":"Commit Response", "result":"SYNCER_OK", "context":Result: SYNCER_OK. cV=wlHscogyBPA7iD10DrEeuf.0;server=GENERAL0100001L;cloudType=Consumer;environment=Prod_WestEurope_x00e;migrationStage=NotStarted}
{"logTime": "0308/202623", "correlationVector":"zXSJ9qSBIUeJUYOgXDqx9Q.1","action":"SyncServerConnectionManagerRequest", "result":"SYNC_SERVER_OK", "context":{"environment":"Prod_WestEurope_000l", "migrationStage":"NotStarted", "server":"GENERAL01000000"}}
{"logTime": "0308/202623", "correlationVector":"zXSJ9qSBIUeJUYOgXDqx9Q","action":"Initial GetUpdates", "result":"", "context":Reason: NEW_CLIENT. cV=zXSJ9qSBIUeJUYOgXDqx9Q}
{"logTime": "0308/202623", "correlationVector":"zXSJ9qSBIUeJUYOgXDqx9Q.2","action":"GetUpdates Response", "result":"SYNCER_OK", "context":Received 1 update(s). cV=zXSJ9qSBIUeJUYOgXDqx9Q.0;server=GENERAL01000000;cloudType=Consumer;environment=Prod_WestEurope_000l;migrationStage=NotStarted}
{"logTime": "0308/202623", "correlationVector":"whJKe4/VHkQaPlHL83f7eK","action":"Initial GetUpdates", "result":"", "context":Reason: NEWLY_SUPPORTED_DATATYPE. cV=whJKe4/VHkQaPlHL83f7eK}
{"logTime": "0308/202623", "correlationVector":"whJKe4/VHkQaPlHL83f7eK.1","action":"SyncServerConnectionManagerRequest", "result":"SYNC_SERVER_OK", "context":{"environment":"Prod_WestEurope_000l", "migrationStage":"NotStarted", "server":"GENERAL0100000W"}}
{"logTime": "0308/202623", "correlationVector":"whJKe4/VHkQaPlHL83f7eK.2","action":"GetUpdates", "result":"DeleteReceived", "context":{"id":"cfe35d2b-e01f-4714-a17e-1fcfe3f9e556", "isDeleted:":"true", "version":"1692608805009"}}
{"logTime": "0308/202623", "correlationVector":"whJKe4/VHkQaPlHL83f7eK.3","action":"GetUpdates Response", "result":"SYNCER_OK", "context":Received 81 update(s). cV=whJKe4/VHkQaPlHL83f7eK.0;server=GENERAL0100000W;cloudType=Consumer;environment=Prod_WestEurope_000l;migrationStage=NotStarted}
{"logTime": "0308/202623", "correlationVector":"D9Vu4zekUIm1AZaVLRediA","action":"SyncServerConnectionManagerRequest", "result":"SYNC_SERVER_OK", "context":{"environment":"", "migrationStage":"", "server":""}}
{"logTime": "0308/202623", "correlationVector":"5qH36lgYq01FN24in6+ixJ","action":"Normal GetUpdate request", "result":"", "context":cV=5qH36lgYq01FN24in6+ixJ
Nudged types: Sessions
Refresh requested types: Bookmarks, Preferences, Passwords, Autofill Profiles, Autofill, Typed URLs, Extensions, Sessions, Extension settings, History Delete Directives, Device Info, User Consents, Send Tab To Self, Web Apps, Collection, Edge E Drop, Edge Hub App Usage, Edge Wallet, Encryption Keys}
{"logTime": "0308/202623", "correlationVector":"5qH36lgYq01FN24in6+ixJ.1","action":"SyncServerConnectionManagerRequest", "result":"SYNC_SERVER_OK", "context":{"environment":"Prod_WestEurope_000l", "migrationStage":"NotStarted", "server":"GENERAL0300002B"}}
{"logTime": "0308/202623", "correlationVector":"5qH36lgYq01FN24in6+ixJ.2","action":"GetUpdates Response", "result":"SYNCER_OK", "context":Received 1 update(s). cV=5qH36lgYq01FN24in6+ixJ.0;server=GENERAL0300002B;cloudType=Consumer;environment=Prod_WestEurope_000l;migrationStage=NotStarted}
{"logTime": "0308/202623", "correlationVector":"imUb1AD5gRB3rFKepxT3O8","action":"Commit Request", "result":"", "context":Item count: 3
Contributing types: Sessions}
{"logTime": "0308/202623", "correlationVector":"imUb1AD5gRB3rFKepxT3O8.1","action":"SyncServerConnectionManagerRequest", "result":"SYNC_SERVER_OK", "context":{"environment":"Prod_WestEurope_000l", "migrationStage":"NotStarted", "server":"GENERAL0100000J"}}
{"logTime": "0308/202623", "correlationVector":"imUb1AD5gRB3rFKepxT3O8.2","action":"Commit Response", "result":"SYNCER_OK", "context":Result: SYNCER_OK. cV=imUb1AD5gRB3rFKepxT3O8.0;server=GENERAL0100000J;cloudType=Consumer;environment=Prod_WestEurope_000l;migrationStage=NotStarted}
{"logTime": "0308/202623", "correlationVector":"GaLKtFhDTkWsnaAs0+swIS","action":"Normal GetUpdate request", "result":"", "context":cV=GaLKtFhDTkWsnaAs0+swIS
Nudged types: Sessions
Refresh requested types: Bookmarks, Preferences, Passwords, Autofill Profiles, Autofill, Typed URLs, Extensions, Sessions, Extension settings, History Delete Directives, Device Info, User Consents, Send Tab To Self, Web Apps, Collection, Edge E Drop, Edge Hub App Usage, Edge Wallet, Encryption Keys}
{"logTime": "0308/202623", "correlationVector":"GaLKtFhDTkWsnaAs0+swIS.1","action":"SyncServerConnectionManagerRequest", "result":"SYNC_SERVER_OK", "context":{"environment":"Prod_WestEurope_000l", "migrationStage":"NotStarted", "server":"GENERAL0100000Y"}}
{"logTime": "0308/202623", "correlationVector":"GaLKtFhDTkWsnaAs0+swIS.2","action":"GetUpdates Response", "result":"SYNCER_OK", "context":Received 3 update(s). cV=GaLKtFhDTkWsnaAs0+swIS.0;server=GENERAL0100000Y;cloudType=Consumer;environment=Prod_WestEurope_000l;migrationStage=NotStarted}
{"logTime": "0308/202644", "correlationVector":"qXEFtC9zL77lM/k1l78MjO","action":"Commit Request", "result":"", "context":Item count: 2
Contributing types: Sessions}
{"logTime": "0308/202645", "correlationVector":"qXEFtC9zL77lM/k1l78MjO.1","action":"SyncServerConnectionManagerRequest", "result":"SYNC_SERVER_OK", "context":{"environment":"Prod_WestEurope_000l", "migrationStage":"NotStarted", "server":"GENERAL01000019"}}
{"logTime": "0308/202645", "correlationVector":"qXEFtC9zL77lM/k1l78MjO.3","action":"Commit.Sessions", "result":"Success", "context":{"id":"95774b39-621e-4a3d-a8f5-11f302fa6418", "isDeleted":"true", "size":"0", "version":"1709929575983"}}
{"logTime": "0308/202645", "correlationVector":"qXEFtC9zL77lM/k1l78MjO.2","action":"Commit Response", "result":"SYNCER_OK", "context":Result: SYNCER_OK. cV=qXEFtC9zL77lM/k1l78MjO.0;server=GENERAL01000019;cloudType=Consumer;environment=Prod_WestEurope_000l;migrationStage=NotStarted}
{"logTime": "0308/203113", "correlationVector":"IqjQEdMu1jfV89TEoS75Ym","action":"Normal GetUpdate request", "result":"", "context":cV=IqjQEdMu1jfV89TEoS75Ym
Nudged types: Sessions
Refresh requested types: Bookmarks, Preferences, Passwords, Autofill Profiles, Autofill, Typed URLs, Extensions, Sessions, Extension settings, History Delete Directives, Device Info, User Consents, Send Tab To Self, Web Apps, Collection, Edge E Drop, Edge Hub App Usage, Edge Wallet, Encryption Keys}
{"logTime": "0308/203113", "correlationVector":"IqjQEdMu1jfV89TEoS75Ym.1","action":"SyncServerConnectionManagerRequest", "result":"SYNC_SERVER_OK", "context":{"environment":"Prod_WestEurope_000l", "migrationStage":"NotStarted", "server":"GENERAL01000015"}}
{"logTime": "0308/203113", "correlationVector":"IqjQEdMu1jfV89TEoS75Ym.2","action":"GetUpdates", "result":"DeleteReceived", "context":{"id":"95774b39-621e-4a3d-a8f5-11f302fa6418", "isDeleted:":"true", "version":"1709929605755"}}
{"logTime": "0308/203113", "correlationVector":"IqjQEdMu1jfV89TEoS75Ym.3","action":"GetUpdates Response", "result":"SYNCER_OK", "context":Received 2 update(s). cV=IqjQEdMu1jfV89TEoS75Ym.0;server=GENERAL01000015;cloudType=Consumer;environment=Prod_WestEurope_000l;migrationStage=NotStarted}
{"logTime": "0308/203113", "correlationVector":"TJXIArc+FDzvKt/czFtUZM","action":"Commit Request", "result":"", "context":Item count: 1
Contributing types: Sessions}
{"logTime": "0308/203114", "correlationVector":"TJXIArc+FDzvKt/czFtUZM.1","action":"SyncServerConnectionManagerRequest", "result":"SYNC_SERVER_OK", "context":{"environment":"Prod_WestEurope_000l", "migrationStage":"NotStarted", "server":"GENERAL0300001Q"}}
{"logTime": "0308/203114", "correlationVector":"TJXIArc+FDzvKt/czFtUZM.2","action":"Commit Response", "result":"SYNCER_OK", "context":Result: SYNCER_OK. cV=TJXIArc+FDzvKt/czFtUZM.0;server=GENERAL0300001Q;cloudType=Consumer;environment=Prod_WestEurope_000l;migrationStage=NotStarted}
{"logTime": "0308/203225", "correlationVector":"tavZ8xInaxj4zpsgEV8jZe","action":"Commit Request", "result":"", "context":Item count: 1
Contributing types: Sessions}
{"logTime": "0308/203226", "correlationVector":"tavZ8xInaxj4zpsgEV8jZe.1","action":"SyncServerConnectionManagerRequest", "result":"SYNC_SERVER_OK", "context":{"environment":"Prod_WestEurope_000l", "migrationStage":"NotStarted", "server":"GENERAL0100000F"}}
{"logTime": "0308/203226", "correlationVector":"tavZ8xInaxj4zpsgEV8jZe.2","action":"Commit Response", "result":"SYNCER_OK", "context":Result: SYNCER_OK. cV=tavZ8xInaxj4zpsgEV8jZe.0;server=GENERAL0100000F;cloudType=Consumer;environment=Prod_WestEurope_000l;migrationStage=NotStarted}
{"logTime": "0308/203306", "correlationVector":"5xxZFTHQr7GmUQx2LU2JZN","action":"Commit Request", "result":"", "context":Item count: 1
Contributing types: Sessions}
{"logTime": "0308/203306", "correlationVector":"5xxZFTHQr7GmUQx2LU2JZN.1","action":"SyncServerConnectionManagerRequest", "result":"SYNC_SERVER_OK", "context":{"environment":"Prod_WestEurope_000l", "migrationStage":"NotStarted", "server":"GENERAL0100000P"}}
{"logTime": "0308/203306", "correlationVector":"5xxZFTHQr7GmUQx2LU2JZN.2","action":"Commit Response", "result":"SYNCER_OK", "context":Result: SYNCER_OK. cV=5xxZFTHQr7GmUQx2LU2JZN.0;server=GENERAL0100000P;cloudType=Consumer;environment=Prod_WestEurope_000l;migrationStage=NotStarted}
{"logTime": "0308/203524", "correlationVector":"GVZ4snVathfBF0fjah6RUF","action":"Commit Request", "result":"", "context":Item count: 1
Contributing types: Sessions}
{"logTime": "0308/203526", "correlationVector":"GVZ4snVathfBF0fjah6RUF.1","action":"SyncServerConnectionManagerRequest", "result":"SYNC_SERVER_OK", "context":{"environment":"Prod_WestEurope_000l", "migrationStage":"NotStarted", "server":"GENERAL0300003D"}}
{"logTime": "0308/203526", "correlationVector":"GVZ4snVathfBF0fjah6RUF.2","action":"Commit Response", "result":"SYNCER_OK", "context":Result: SYNCER_OK. cV=GVZ4snVathfBF0fjah6RUF.0;server=GENERAL0300003D;cloudType=Consumer;environment=Prod_WestEurope_000l;migrationStage=NotStarted}
{"logTime": "0308/204057", "correlationVector":"vTxmE/nHQUPaEwppWptWEH","action":"Normal GetUpdate request", "result":"", "context":cV=vTxmE/nHQUPaEwppWptWEH
Nudged types: Sessions}
{"logTime": "0308/204057", "correlationVector":"vTxmE/nHQUPaEwppWptWEH","action":"SyncServerConnectionManagerRequest", "result":"CONNECTION_UNAVAILABLE", "context":{"error_type":"net_error_code", "error_value":"-105"}}
{"logTime": "0308/204057", "correlationVector":"Hien8KiXw0by1pCtzr6E/Y.0","action":"GetUpdates Response", "result":"NETWORK_ERROR_TRANSPORT (ERR_NAME_NOT_RESOLVED)", "context":Received error: NETWORK_ERROR_TRANSPORT (ERR_NAME_NOT_RESOLVED). }
{"logTime": "0308/204142", "correlationVector":"fofT5aBc/7gDgpk1tqj9Ie","action":"Normal GetUpdate request", "result":"", "context":cV=fofT5aBc/7gDgpk1tqj9Ie
Nudged types: Sessions}
{"logTime": "0308/204142", "correlationVector":"fofT5aBc/7gDgpk1tqj9Ie","action":"SyncServerConnectionManagerRequest", "result":"CONNECTION_UNAVAILABLE", "context":{"error_type":"net_error_code", "error_value":"-105"}}
{"logTime": "0308/204142", "correlationVector":"09KfCKMC3Sbgveo4lGZSuV.0","action":"GetUpdates Response", "result":"NETWORK_ERROR_TRANSPORT (ERR_NAME_NOT_RESOLVED)", "context":Received error: NETWORK_ERROR_TRANSPORT (ERR_NAME_NOT_RESOLVED). }
{"logTime": "0308/204209", "correlationVector":"L3dLYAQfN3pa0WLgSd4Oqx","action":"Normal GetUpdate request", "result":"", "context":cV=L3dLYAQfN3pa0WLgSd4Oqx
Nudged types: Sessions}
{"logTime": "0308/204209", "correlationVector":"L3dLYAQfN3pa0WLgSd4Oqx","action":"SyncServerConnectionManagerRequest", "result":"CONNECTION_UNAVAILABLE", "context":{"error_type":"net_error_code", "error_value":"-21"}}
{"logTime": "0308/204209", "correlationVector":"DOp15n9JUfvzWdEJlagBHR.0","action":"GetUpdates Response", "result":"NETWORK_ERROR_TRANSPORT (ERR_NETWORK_CHANGED)", "context":Received error: NETWORK_ERROR_TRANSPORT (ERR_NETWORK_CHANGED). }
{"logTime": "0308/204211", "correlationVector":"DGX5aCETqgn+VqT1Sh9xgs","action":"Normal GetUpdate request", "result":"", "context":cV=DGX5aCETqgn+VqT1Sh9xgs
Nudged types: Sessions
Refresh requested types: Bookmarks, Preferences, Passwords, Autofill Profiles, Autofill, Typed URLs, Extensions, Sessions, Extension settings, History Delete Directives, Device Info, User Consents, Send Tab To Self, Web Apps, Collection, Edge E Drop, Edge Hub App Usage, Edge Wallet, Encryption Keys}
{"logTime": "0308/204212", "correlationVector":"DGX5aCETqgn+VqT1Sh9xgs.1","action":"SyncServerConnectionManagerRequest", "result":"SYNC_SERVER_OK", "context":{"environment":"Prod_WestEurope_000l", "migrationStage":"NotStarted", "server":"GENERAL03000001"}}
{"logTime": "0308/204212", "correlationVector":"DGX5aCETqgn+VqT1Sh9xgs.2","action":"GetUpdates Response", "result":"SYNCER_OK", "context":Received 1 update(s). cV=DGX5aCETqgn+VqT1Sh9xgs.0;server=GENERAL03000001;cloudType=Consumer;environment=Prod_WestEurope_000l;migrationStage=NotStarted}
{"logTime": "0308/204212", "correlationVector":"4i7TeKC6ZhTRdMgxU2WyZX","action":"Commit Request", "result":"", "context":Item count: 1
Contributing types: Sessions}
{"logTime": "0308/204212", "correlationVector":"4i7TeKC6ZhTRdMgxU2WyZX.1","action":"SyncServerConnectionManagerRequest", "result":"SYNC_SERVER_OK", "context":{"environment":"Prod_WestEurope_000l", "migrationStage":"NotStarted", "server":"GENERAL0100000Y"}}
{"logTime": "0308/204212", "correlationVector":"4i7TeKC6ZhTRdMgxU2WyZX.2","action":"Commit Response", "result":"SYNCER_OK", "context":Result: SYNCER_OK. cV=4i7TeKC6ZhTRdMgxU2WyZX.0;server=GENERAL0100000Y;cloudType=Consumer;environment=Prod_WestEurope_000l;migrationStage=NotStarted}
{"logTime": "0308/204242", "correlationVector":"uZXys6bxs61jWtESpDvhV7","action":"Normal GetUpdate request", "result":"", "context":cV=uZXys6bxs61jWtESpDvhV7
Nudged types: Sessions}
{"logTime": "0308/204243", "correlationVector":"uZXys6bxs61jWtESpDvhV7.1","action":"SyncServerConnectionManagerRequest", "result":"SYNC_SERVER_OK", "context":{"environment":"Prod_WestEurope_000l", "migrationStage":"NotStarted", "server":"GENERAL0300001N"}}
{"logTime": "0308/204243", "correlationVector":"uZXys6bxs61jWtESpDvhV7.2","action":"GetUpdates Response", "result":"SYNCER_OK", "context":Received 1 update(s). cV=uZXys6bxs61jWtESpDvhV7.0;server=GENERAL0300001N;cloudType=Consumer;environment=Prod_WestEurope_000l;migrationStage=NotStarted}
{"logTime": "0308/204402", "correlationVector":"1F1FYxpjYAaBy4bjSAn/JP","action":"Commit Request", "result":"", "context":Item count: 1
Contributing types: Sessions}
{"logTime": "0308/204403", "correlationVector":"1F1FYxpjYAaBy4bjSAn/JP.1","action":"SyncServerConnectionManagerRequest", "result":"SYNC_SERVER_OK", "context":{"environment":"Prod_WestEurope_000l", "migrationStage":"NotStarted", "server":"GENERAL0100000P"}}
{"logTime": "0308/204403", "correlationVector":"1F1FYxpjYAaBy4bjSAn/JP.2","action":"Commit Response", "result":"SYNCER_OK", "context":Result: SYNCER_OK. cV=1F1FYxpjYAaBy4bjSAn/JP.0;server=GENERAL0100000P;cloudType=Consumer;environment=Prod_WestEurope_000l;migrationStage=NotStarted}
{"logTime": "0308/204710", "correlationVector":"f/R+j35Q3sd0afT3p2Viwp","action":"Normal GetUpdate request", "result":"", "context":cV=f/R+j35Q3sd0afT3p2Viwp
Refresh requested types: Bookmarks, Preferences, Passwords, Autofill Profiles, Autofill, Typed URLs, Extensions, Sessions, Extension settings, History Delete Directives, Device Info, User Consents, Send Tab To Self, Web Apps, Collection, Edge E Drop, Edge Hub App Usage, Edge Wallet, Encryption Keys}
{"logTime": "0308/204711", "correlationVector":"f/R+j35Q3sd0afT3p2Viwp.1","action":"SyncServerConnectionManagerRequest", "result":"SYNC_SERVER_OK", "context":{"environment":"Prod_WestEurope_000l", "migrationStage":"NotStarted", "server":"general01000026"}}
{"logTime": "0308/204711", "correlationVector":"f/R+j35Q3sd0afT3p2Viwp.2","action":"GetUpdates Response", "result":"SYNCER_OK", "context":Received 1 update(s). cV=f/R+j35Q3sd0afT3p2Viwp.0;server=general01000026;cloudType=Consumer;environment=Prod_WestEurope_000l;migrationStage=NotStarted}
{"logTime": "0308/205147", "correlationVector":"OtNY0sakScHpXz3K8XJGoL.1","action":"SyncServerConnectionManagerRequest", "result":"SYNC_SERVER_OK", "context":{"environment":"Prod_WestEurope_x00e", "migrationStage":"NotStarted", "server":"GENERAL01000027"}}
{"logTime": "0308/205147", "correlationVector":"OtNY0sakScHpXz3K8XJGoL","action":"Initial GetUpdates", "result":"", "context":Reason: NEW_CLIENT. cV=OtNY0sakScHpXz3K8XJGoL}
{"logTime": "0308/205147", "correlationVector":"OtNY0sakScHpXz3K8XJGoL.2","action":"GetUpdates Response", "result":"SYNCER_OK", "context":Received 1 update(s). cV=OtNY0sakScHpXz3K8XJGoL.0;server=GENERAL01000027;cloudType=Consumer;environment=Prod_WestEurope_x00e;migrationStage=NotStarted}
{"logTime": "0308/205147", "correlationVector":"Vsg5g2yE7+mTU8+l03vE9C","action":"Initial GetUpdates", "result":"", "context":Reason: NEWLY_SUPPORTED_DATATYPE. cV=Vsg5g2yE7+mTU8+l03vE9C}
{"logTime": "0308/205147", "correlationVector":"Vsg5g2yE7+mTU8+l03vE9C.1","action":"SyncServerConnectionManagerRequest", "result":"SYNC_SERVER_OK", "context":{"environment":"Prod_WestEurope_x00e", "migrationStage":"NotStarted", "server":"GENERAL0200002K"}}
{"logTime": "0308/205147", "correlationVector":"Vsg5g2yE7+mTU8+l03vE9C.2","action":"GetUpdates", "result":"DeleteReceived", "context":{"id":"cfe35d2b-e01f-4714-a17e-1fcfe3f9e556", "isDeleted:":"true", "version":"1692608805009"}}
{"logTime": "0308/205147", "correlationVector":"Vsg5g2yE7+mTU8+l03vE9C.3","action":"GetUpdates Response", "result":"SYNCER_OK", "context":Received 81 update(s). cV=Vsg5g2yE7+mTU8+l03vE9C.0;server=GENERAL0200002K;cloudType=Consumer;environment=Prod_WestEurope_x00e;migrationStage=NotStarted}
{"logTime": "0308/205147", "correlationVector":"anz/Nig89ci3nkmAJlFCuQ","action":"SyncServerConnectionManagerRequest", "result":"SYNC_SERVER_OK", "context":{"environment":"", "migrationStage":"", "server":""}}
{"logTime": "0308/205147", "correlationVector":"bhWL5RTHpGvT0suiAqWhp4","action":"Normal GetUpdate request", "result":"", "context":cV=bhWL5RTHpGvT0suiAqWhp4
Nudged types: Sessions
Refresh requested types: Bookmarks, Preferences, Passwords, Autofill Profiles, Autofill, Typed URLs, Extensions, Sessions, Extension settings, History Delete Directives, Device Info, User Consents, Send Tab To Self, Web Apps, Collection, Edge E Drop, Edge Hub App Usage, Edge Wallet, Encryption Keys}
{"logTime": "0308/205147", "correlationVector":"bhWL5RTHpGvT0suiAqWhp4.1","action":"SyncServerConnectionManagerRequest", "result":"SYNC_SERVER_OK", "context":{"environment":"Prod_WestEurope_x00e", "migrationStage":"NotStarted", "server":"GENERAL0100000J"}}
{"logTime": "0308/205147", "correlationVector":"bhWL5RTHpGvT0suiAqWhp4.2","action":"GetUpdates Response", "result":"SYNCER_OK", "context":Received 0 update(s). cV=bhWL5RTHpGvT0suiAqWhp4.0;server=GENERAL0100000J;cloudType=Consumer;environment=Prod_WestEurope_x00e;migrationStage=NotStarted}
{"logTime": "0308/205147", "correlationVector":"4CNmQmNAocDEN6mC2Ww67E","action":"Commit Request", "result":"", "context":Item count: 3
Contributing types: Sessions}
{"logTime": "0308/205147", "correlationVector":"4CNmQmNAocDEN6mC2Ww67E.1","action":"SyncServerConnectionManagerRequest", "result":"SYNC_SERVER_OK", "context":{"environment":"Prod_WestEurope_x00e", "migrationStage":"NotStarted", "server":"GENERAL0100001Q"}}
{"logTime": "0308/205147", "correlationVector":"4CNmQmNAocDEN6mC2Ww67E.3","action":"Commit.Sessions", "result":"Success", "context":{"id":"0f0d67b1-02b3-4f28-b241-77c94c4278f9", "isDeleted":"true", "size":"0", "version":"1709930643956"}}
{"logTime": "0308/205147", "correlationVector":"4CNmQmNAocDEN6mC2Ww67E.2","action":"Commit Response", "result":"SYNCER_OK", "context":Result: SYNCER_OK. cV=4CNmQmNAocDEN6mC2Ww67E.0;server=GENERAL0100001Q;cloudType=Consumer;environment=Prod_WestEurope_x00e;migrationStage=NotStarted}
{"logTime": "0308/205147", "correlationVector":"RUb3rha++jEafvO8Y0mN/W","action":"Normal GetUpdate request", "result":"", "context":cV=RUb3rha++jEafvO8Y0mN/W
Nudged types: Sessions
Refresh requested types: Bookmarks, Preferences, Passwords, Autofill Profiles, Autofill, Typed URLs, Extensions, Sessions, Extension settings, History Delete Directives, Device Info, User Consents, Send Tab To Self, Web Apps, Collection, Edge E Drop, Edge Hub App Usage, Edge Wallet, Encryption Keys}
{"logTime": "0308/205147", "correlationVector":"RUb3rha++jEafvO8Y0mN/W.1","action":"SyncServerConnectionManagerRequest", "result":"SYNC_SERVER_OK", "context":{"environment":"Prod_WestEurope_x00e", "migrationStage":"NotStarted", "server":"GENERAL0100000L"}}
{"logTime": "0308/205147", "correlationVector":"RUb3rha++jEafvO8Y0mN/W.2","action":"GetUpdates", "result":"DeleteReceived", "context":{"id":"0f0d67b1-02b3-4f28-b241-77c94c4278f9", "isDeleted:":"true", "version":"1709931101557"}}
{"logTime": "0308/205147", "correlationVector":"RUb3rha++jEafvO8Y0mN/W.3","action":"GetUpdates Response", "result":"SYNCER_OK", "context":Received 3 update(s). cV=RUb3rha++jEafvO8Y0mN/W.0;server=GENERAL0100000L;cloudType=Consumer;environment=Prod_WestEurope_x00e;migrationStage=NotStarted}
{"logTime": "0308/205210", "correlationVector":"MG13XS7VjXZzSedZZSFgw8","action":"Normal GetUpdate request", "result":"", "context":cV=MG13XS7VjXZzSedZZSFgw8
Nudged types: Sessions}
{"logTime": "0308/205214", "correlationVector":"MG13XS7VjXZzSedZZSFgw8","action":"SyncServerConnectionManagerRequest", "result":"CONNECTION_UNAVAILABLE", "context":{"error_type":"net_error_code", "error_value":"-105"}}
{"logTime": "0308/205214", "correlationVector":"WhsNL8eph11zXBXpduLvDb.0","action":"GetUpdates Response", "result":"NETWORK_ERROR_TRANSPORT (ERR_NAME_NOT_RESOLVED)", "context":Received error: NETWORK_ERROR_TRANSPORT (ERR_NAME_NOT_RESOLVED). }
{"logTime": "0309/130259", "correlationVector":"dPBfJVmSVRgYlka07sLCHr.1","action":"SyncServerConnectionManagerRequest", "result":"SYNC_SERVER_OK", "context":{"environment":"Prod_WestEurope_000l", "migrationStage":"NotStarted", "server":"GENERAL01000027"}}
{"logTime": "0309/130259", "correlationVector":"dPBfJVmSVRgYlka07sLCHr","action":"Initial GetUpdates", "result":"", "context":Reason: NEW_CLIENT. cV=dPBfJVmSVRgYlka07sLCHr}
{"logTime": "0309/130259", "correlationVector":"dPBfJVmSVRgYlka07sLCHr.2","action":"GetUpdates Response", "result":"SYNCER_OK", "context":Received 1 update(s). cV=dPBfJVmSVRgYlka07sLCHr.0;server=GENERAL01000027;cloudType=Consumer;environment=Prod_WestEurope_000l;migrationStage=NotStarted}
{"logTime": "0309/130259", "correlationVector":"wK6p0OS5VZyK2o/DyvckvG","action":"Initial GetUpdates", "result":"", "context":Reason: NEWLY_SUPPORTED_DATATYPE. cV=wK6p0OS5VZyK2o/DyvckvG}
{"logTime": "0309/130259", "correlationVector":"wK6p0OS5VZyK2o/DyvckvG.1","action":"SyncServerConnectionManagerRequest", "result":"SYNC_SERVER_OK", "context":{"environment":"Prod_WestEurope_000l", "migrationStage":"NotStarted", "server":"general01000017"}}
{"logTime": "0309/130259", "correlationVector":"wK6p0OS5VZyK2o/DyvckvG.2","action":"GetUpdates", "result":"DeleteReceived", "context":{"id":"cfe35d2b-e01f-4714-a17e-1fcfe3f9e556", "isDeleted:":"true", "version":"1692608805009"}}
{"logTime": "0309/130259", "correlationVector":"wK6p0OS5VZyK2o/DyvckvG.3","action":"GetUpdates Response", "result":"SYNCER_OK", "context":Received 81 update(s). cV=wK6p0OS5VZyK2o/DyvckvG.0;server=general01000017;cloudType=Consumer;environment=Prod_WestEurope_000l;migrationStage=NotStarted}
{"logTime": "0309/130259", "correlationVector":"NzvDACAlHHqEipI70KjPyN","action":"Normal GetUpdate request", "result":"", "context":cV=NzvDACAlHHqEipI70KjPyN
Nudged types: Sessions, Device Info
Refresh requested types: Bookmarks, Preferences, Passwords, Autofill Profiles, Autofill, Typed URLs, Extensions, Sessions, Extension settings, History Delete Directives, Device Info, User Consents, Send Tab To Self, Web Apps, Collection, Edge E Drop, Edge Hub App Usage, Edge Wallet, Encryption Keys}
{"logTime": "0309/130259", "correlationVector":"NzvDACAlHHqEipI70KjPyN.1","action":"SyncServerConnectionManagerRequest", "result":"SYNC_SERVER_OK", "context":{"environment":"Prod_WestEurope_000l", "migrationStage":"NotStarted", "server":"GENERAL01000005"}}
{"logTime": "0309/130259", "correlationVector":"NzvDACAlHHqEipI70KjPyN.2","action":"GetUpdates Response", "result":"SYNCER_OK", "context":Received 0 update(s). cV=NzvDACAlHHqEipI70KjPyN.0;server=GENERAL01000005;cloudType=Consumer;environment=Prod_WestEurope_000l;migrationStage=NotStarted}
{"logTime": "0309/130259", "correlationVector":"cfCj68lvYC14gCi30k45eS","action":"Commit Request", "result":"", "context":Item count: 4
Contributing types: Sessions, Device Info}
{"logTime": "0309/130259", "correlationVector":"cfCj68lvYC14gCi30k45eS.1","action":"SyncServerConnectionManagerRequest", "result":"SYNC_SERVER_OK", "context":{"environment":"Prod_WestEurope_000l", "migrationStage":"NotStarted", "server":"GENERAL0100000M"}}
{"logTime": "0309/130259", "correlationVector":"cfCj68lvYC14gCi30k45eS.3","action":"Commit.Sessions", "result":"Success", "context":{"id":"b51d9b6a-f2d5-4948-b7f5-e3afdc5e9c42", "isDeleted":"true", "size":"0", "version":"1709931101559"}}
{"logTime": "0309/130259", "correlationVector":"cfCj68lvYC14gCi30k45eS.2","action":"Commit Response", "result":"SYNCER_OK", "context":Result: SYNCER_OK. cV=cfCj68lvYC14gCi30k45eS.0;server=GENERAL0100000M;cloudType=Consumer;environment=Prod_WestEurope_000l;migrationStage=NotStarted}
{"logTime": "0309/130259", "correlationVector":"bsfl5YPF0PgFDn4RpCGvKW","action":"Poll GetUpdate request", "result":"", "context":cV=bsfl5YPF0PgFDn4RpCGvKW}
{"logTime": "0309/130259", "correlationVector":"bsfl5YPF0PgFDn4RpCGvKW.1","action":"SyncServerConnectionManagerRequest", "result":"SYNC_SERVER_OK", "context":{"environment":"Prod_WestEurope_000l", "migrationStage":"NotStarted", "server":"GENERAL0100001C"}}
{"logTime": "0309/130259", "correlationVector":"bsfl5YPF0PgFDn4RpCGvKW.2","action":"GetUpdates", "result":"DeleteReceived", "context":{"id":"b51d9b6a-f2d5-4948-b7f5-e3afdc5e9c42", "isDeleted:":"true", "version":"1709989372988"}}
{"logTime": "0309/130259", "correlationVector":"bsfl5YPF0PgFDn4RpCGvKW.3","action":"GetUpdates Response", "result":"SYNCER_OK", "context":Received 4 update(s). cV=bsfl5YPF0PgFDn4RpCGvKW.0;server=GENERAL0100001C;cloudType=Consumer;environment=Prod_WestEurope_000l;migrationStage=NotStarted}
{"logTime": "0309/130259", "correlationVector":"Whj/rHxNb8HVsnopishPF8","action":"SyncServerConnectionManagerRequest", "result":"SYNC_SERVER_OK", "context":{"environment":"", "migrationStage":"", "server":""}}
{"logTime": "0309/130259", "correlationVector":"IvOdW4o9dBgb58001yIbdO","action":"Normal GetUpdate request", "result":"", "context":cV=IvOdW4o9dBgb58001yIbdO
Nudged types: Sessions, Device Info}
{"logTime": "0309/130259", "correlationVector":"IvOdW4o9dBgb58001yIbdO.1","action":"SyncServerConnectionManagerRequest", "result":"SYNC_SERVER_OK", "context":{"environment":"Prod_WestEurope_000l", "migrationStage":"NotStarted", "server":"GENERAL01000005"}}
{"logTime": "0309/130259", "correlationVector":"IvOdW4o9dBgb58001yIbdO.2","action":"GetUpdates Response", "result":"SYNCER_OK", "context":Received 0 update(s). cV=IvOdW4o9dBgb58001yIbdO.0;server=GENERAL01000005;cloudType=Consumer;environment=Prod_WestEurope_000l;migrationStage=NotStarted}
{"logTime": "0309/130259", "correlationVector":"KEeVKQdpUHbeyhXkbwlFue","action":"Normal GetUpdate request", "result":"", "context":cV=KEeVKQdpUHbeyhXkbwlFue
Refresh requested types: Bookmarks, Preferences, Passwords, Autofill Profiles, Autofill, Typed URLs, Extensions, Sessions, Extension settings, History Delete Directives, Device Info, User Consents, Send Tab To Self, Web Apps, Collection, Edge E Drop, Edge Hub App Usage, Edge Wallet, Encryption Keys}
{"logTime": "0309/130259", "correlationVector":"KEeVKQdpUHbeyhXkbwlFue.1","action":"SyncServerConnectionManagerRequest", "result":"SYNC_SERVER_OK", "context":{"environment":"Prod_WestEurope_000l", "migrationStage":"NotStarted", "server":"GENERAL0100000N"}}
{"logTime": "0309/130259", "correlationVector":"KEeVKQdpUHbeyhXkbwlFue.2","action":"GetUpdates Response", "result":"SYNCER_OK", "context":Received 0 update(s). cV=KEeVKQdpUHbeyhXkbwlFue.0;server=GENERAL0100000N;cloudType=Consumer;environment=Prod_WestEurope_000l;migrationStage=NotStarted}
{"logTime": "0309/130326", "correlationVector":"1wfpi4wiilxsKe7QOGE2bf","action":"Commit Request", "result":"", "context":Item count: 1
Contributing types: Sessions}
{"logTime": "0309/130326", "correlationVector":"1wfpi4wiilxsKe7QOGE2bf.1","action":"SyncServerConnectionManagerRequest", "result":"SYNC_SERVER_OK", "context":{"environment":"Prod_WestEurope_000l", "migrationStage":"NotStarted", "server":"general01000026"}}
{"logTime": "0309/130326", "correlationVector":"1wfpi4wiilxsKe7QOGE2bf.2","action":"Commit Response", "result":"SYNCER_OK", "context":Result: SYNCER_OK. cV=1wfpi4wiilxsKe7QOGE2bf.0;server=general01000026;cloudType=Consumer;environment=Prod_WestEurope_000l;migrationStage=NotStarted}
{"logTime": "0309/131051", "correlationVector":"En6iUyTUlvsuPoEkfVTrPi.1","action":"SyncServerConnectionManagerRequest", "result":"SYNC_SERVER_OK", "context":{"environment":"Prod_WestEurope_000l", "migrationStage":"NotStarted", "server":"GENERAL0100000H"}}
{"logTime": "0309/131051", "correlationVector":"En6iUyTUlvsuPoEkfVTrPi","action":"Initial GetUpdates", "result":"", "context":Reason: NEW_CLIENT. cV=En6iUyTUlvsuPoEkfVTrPi}
{"logTime": "0309/131051", "correlationVector":"En6iUyTUlvsuPoEkfVTrPi.2","action":"GetUpdates Response", "result":"SYNCER_OK", "context":Received 1 update(s). cV=En6iUyTUlvsuPoEkfVTrPi.0;server=GENERAL0100000H;cloudType=Consumer;environment=Prod_WestEurope_000l;migrationStage=NotStarted}
{"logTime": "0309/131051", "correlationVector":"seDx5pcU6OM3DvvfLtJlXr","action":"Initial GetUpdates", "result":"", "context":Reason: NEWLY_SUPPORTED_DATATYPE. cV=seDx5pcU6OM3DvvfLtJlXr}
{"logTime": "0309/131051", "correlationVector":"seDx5pcU6OM3DvvfLtJlXr.1","action":"SyncServerConnectionManagerRequest", "result":"SYNC_SERVER_OK", "context":{"environment":"Prod_WestEurope_x00e", "migrationStage":"NotStarted", "server":"GENERAL0100001Q"}}
{"logTime": "0309/131051", "correlationVector":"seDx5pcU6OM3DvvfLtJlXr.2","action":"GetUpdates", "result":"DeleteReceived", "context":{"id":"cfe35d2b-e01f-4714-a17e-1fcfe3f9e556", "isDeleted:":"true", "version":"1692608805009"}}
{"logTime": "0309/131051", "correlationVector":"seDx5pcU6OM3DvvfLtJlXr.3","action":"GetUpdates Response", "result":"SYNCER_OK", "context":Received 81 update(s). cV=seDx5pcU6OM3DvvfLtJlXr.0;server=GENERAL0100001Q;cloudType=Consumer;environment=Prod_WestEurope_x00e;migrationStage=NotStarted}
{"logTime": "0309/131051", "correlationVector":"AqWm7drPTl1C4W5P75Xiyz","action":"Normal GetUpdate request", "result":"", "context":cV=AqWm7drPTl1C4W5P75Xiyz
Nudged types: Sessions
Refresh requested types: Bookmarks, Preferences, Passwords, Autofill Profiles, Autofill, Typed URLs, Extensions, Sessions, Extension settings, History Delete Directives, Device Info, User Consents, Send Tab To Self, Web Apps, Collection, Edge E Drop, Edge Hub App Usage, Edge Wallet, Encryption Keys}
{"logTime": "0309/131051", "correlationVector":"AqWm7drPTl1C4W5P75Xiyz.1","action":"SyncServerConnectionManagerRequest", "result":"SYNC_SERVER_OK", "context":{"environment":"Prod_WestEurope_000l", "migrationStage":"NotStarted", "server":"GENERAL0100000T"}}
{"logTime": "0309/131051", "correlationVector":"AqWm7drPTl1C4W5P75Xiyz.2","action":"GetUpdates Response", "result":"SYNCER_OK", "context":Received 1 update(s). cV=AqWm7drPTl1C4W5P75Xiyz.0;server=GENERAL0100000T;cloudType=Consumer;environment=Prod_WestEurope_000l;migrationStage=NotStarted}
{"logTime": "0309/131051", "correlationVector":"vNJiIDunflNz1yLNcaD/EC","action":"Commit Request", "result":"", "context":Item count: 3
Contributing types: Sessions}
{"logTime": "0309/131051", "correlationVector":"vNJiIDunflNz1yLNcaD/EC.1","action":"SyncServerConnectionManagerRequest", "result":"SYNC_SERVER_OK", "context":{"environment":"Prod_WestEurope_000l", "migrationStage":"NotStarted", "server":"GENERAL0100000R"}}
{"logTime": "0309/131051", "correlationVector":"vNJiIDunflNz1yLNcaD/EC.3","action":"Commit.Sessions", "result":"Success", "context":{"id":"1017349b-24f5-4e42-973a-747d75fd9a9c", "isDeleted":"true", "size":"0", "version":"1709989407833"}}
{"logTime": "0309/131051", "correlationVector":"vNJiIDunflNz1yLNcaD/EC.2","action":"Commit Response", "result":"SYNCER_OK", "context":Result: SYNCER_OK. cV=vNJiIDunflNz1yLNcaD/EC.0;server=GENERAL0100000R;cloudType=Consumer;environment=Prod_WestEurope_000l;migrationStage=NotStarted}
{"logTime": "0309/131116", "correlationVector":"ltmejQGvtVZSWqsosmRR88","action":"SyncServerConnectionManagerRequest", "result":"SYNC_SERVER_OK", "context":{"environment":"", "migrationStage":"", "server":""}}
{"logTime": "0309/131116", "correlationVector":"+Dg5EfJg987E2si6TaLyFC","action":"Normal GetUpdate request", "result":"", "context":cV=+Dg5EfJg987E2si6TaLyFC
Nudged types: Sessions}
{"logTime": "0309/131117", "correlationVector":"+Dg5EfJg987E2si6TaLyFC.1","action":"SyncServerConnectionManagerRequest", "result":"SYNC_SERVER_OK", "context":{"environment":"Prod_WestEurope_000l", "migrationStage":"NotStarted", "server":"GENERAL01000013"}}
{"logTime": "0309/131117", "correlationVector":"+Dg5EfJg987E2si6TaLyFC.2","action":"GetUpdates", "result":"DeleteReceived", "context":{"id":"1017349b-24f5-4e42-973a-747d75fd9a9c", "isDeleted:":"true", "version":"1709989847504"}}
{"logTime": "0309/131117", "correlationVector":"+Dg5EfJg987E2si6TaLyFC.3","action":"GetUpdates Response", "result":"SYNCER_OK", "context":Received 3 update(s). cV=+Dg5EfJg987E2si6TaLyFC.0;server=GENERAL01000013;cloudType=Consumer;environment=Prod_WestEurope_000l;migrationStage=NotStarted}
{"logTime": "0309/131117", "correlationVector":"OoXo6jjsUnU7819nhCcwgN","action":"Commit Request", "result":"", "context":Item count: 1
Contributing types: Sessions}
{"logTime": "0309/131117", "correlationVector":"OoXo6jjsUnU7819nhCcwgN.1","action":"SyncServerConnectionManagerRequest", "result":"SYNC_SERVER_OK", "context":{"environment":"Prod_WestEurope_000l", "migrationStage":"NotStarted", "server":"GENERAL01000013"}}
{"logTime": "0309/131117", "correlationVector":"OoXo6jjsUnU7819nhCcwgN.2","action":"Commit Response", "result":"SYNCER_OK", "context":Result: SYNCER_OK. cV=OoXo6jjsUnU7819nhCcwgN.0;server=GENERAL01000013;cloudType=Consumer;environment=Prod_WestEurope_000l;migrationStage=NotStarted}
{"logTime": "0309/131117", "correlationVector":"PxrX/OmXDTdoWVjQmc63Ow","action":"Normal GetUpdate request", "result":"", "context":cV=PxrX/OmXDTdoWVjQmc63Ow
Nudged types: Sessions
Refresh requested types: Bookmarks, Preferences, Passwords, Autofill Profiles, Autofill, Typed URLs, Extensions, Sessions, Extension settings, History Delete Directives, Device Info, User Consents, Send Tab To Self, Web Apps, Collection, Edge E Drop, Edge Hub App Usage, Edge Wallet, Encryption Keys}
{"logTime": "0309/131117", "correlationVector":"PxrX/OmXDTdoWVjQmc63Ow.1","action":"SyncServerConnectionManagerRequest", "result":"SYNC_SERVER_OK", "context":{"environment":"Prod_WestEurope_000l", "migrationStage":"NotStarted", "server":"GENERAL0100000X"}}
{"logTime": "0309/131117", "correlationVector":"PxrX/OmXDTdoWVjQmc63Ow.2","action":"GetUpdates Response", "result":"SYNCER_OK", "context":Received 1 update(s). cV=PxrX/OmXDTdoWVjQmc63Ow.0;server=GENERAL0100000X;cloudType=Consumer;environment=Prod_WestEurope_000l;migrationStage=NotStarted}
